1746436335128	geckodriver	INFO	Listening on 127.0.0.1:51341
1746436335650	mozrunner::runner	INFO	Running command: MOZ_CRASHREPORTER="1" MOZ_CRASHREPORTER_NO_REPORT="1" MOZ_CRASHREPORTER_SHUTDOWN="1" "/Applications/Firefox. ... s" "localhost" "-foreground" "-no-remote" "-profile" "/var/folders/5d/ftyzvn555vndp982cg169j380000gn/T/rust_mozprofileuUZu5X"
*** You are running in headless mode.
console.warn: services.settings: Ignoring preference override of remote settings server
console.warn: services.settings: Allow by setting MOZ_REMOTE_SETTINGS_DEVTOOLS=1 in the environment
1746436336276	Marionette	INFO	Marionette enabled
console.error: "Warning: unrecognized command line flag" "-remote-allow-hosts"
1746436336789	Marionette	INFO	Listening on port 51352
WebDriver BiDi listening on ws://127.0.0.1:51342
Read port: 51352
1746436337415	RemoteAgent	WARN	TLS certificate errors will be ignored for this session
[GFX1-]: RenderCompositorSWGL failed mapping default framebuffer, no dt
JavaScript error: https://static.licdn.com/sc/h/bv911c32qdqtvy406ldakstgo, line 18: TypeError: this.window.lazyloader is undefined
JavaScript warning: https://static.licdn.com/sc/h/aj4dyx1jstg91ffoizgyqt0xm, line 1: WEBGL_debug_renderer_info is deprecated in Firefox and will be removed. Please use RENDERER.
JavaScript warning: https://static.licdn.com/sc/h/aj4dyx1jstg91ffoizgyqt0xm, line 1: WEBGL_debug_renderer_info is deprecated in Firefox and will be removed. Please use RENDERER.
JavaScript warning: https://static.licdn.com/sc/h/adqhirffnjsw3nwge4cky8lfm, line 12: WEBGL_debug_renderer_info is deprecated in Firefox and will be removed. Please use RENDERER.
JavaScript warning: https://static.licdn.com/sc/h/adqhirffnjsw3nwge4cky8lfm, line 12: WEBGL_debug_renderer_info is deprecated in Firefox and will be removed. Please use RENDERER.
JavaScript warning: https://static.licdn.com/sc/h/bv911c32qdqtvy406ldakstgo, line 3: WEBGL_debug_renderer_info is deprecated in Firefox and will be removed. Please use RENDERER.
JavaScript warning: https://static.licdn.com/sc/h/bv911c32qdqtvy406ldakstgo, line 3: WEBGL_debug_renderer_info is deprecated in Firefox and will be removed. Please use RENDERER.
JavaScript warning: https://static.licdn.com/sc/h/bv911c32qdqtvy406ldakstgo, line 16: WEBGL_debug_renderer_info is deprecated in Firefox and will be removed. Please use RENDERER.
JavaScript warning: https://static.licdn.com/sc/h/bv911c32qdqtvy406ldakstgo, line 16: WEBGL_debug_renderer_info is deprecated in Firefox and will be removed. Please use RENDERER.
JavaScript warning: https://static.licdn.com/sc/h/5bjqr5n4429pfbcreibo91hwy, line 1: WEBGL_debug_renderer_info is deprecated in Firefox and will be removed. Please use RENDERER.
JavaScript warning: https://static.licdn.com/sc/h/5bjqr5n4429pfbcreibo91hwy, line 1: WEBGL_debug_renderer_info is deprecated in Firefox and will be removed. Please use RENDERER.
JavaScript warning: https://static.licdn.com/sc/h/bv911c32qdqtvy406ldakstgo, line 16: WEBGL_debug_renderer_info is deprecated in Firefox and will be removed. Please use RENDERER.
JavaScript warning: https://static.licdn.com/sc/h/bv911c32qdqtvy406ldakstgo, line 16: WEBGL_debug_renderer_info is deprecated in Firefox and will be removed. Please use RENDERER.
Exiting due to channel error.
Exiting due to channel error.
Exiting due to channel error.
Exiting due to channel error.
Exiting due to channel error.
1746436355912	geckodriver	INFO	Listening on 127.0.0.1:51372
1746436355922	mozrunner::runner	INFO	Running command: MOZ_CRASHREPORTER="1" MOZ_CRASHREPORTER_NO_REPORT="1" MOZ_CRASHREPORTER_SHUTDOWN="1" "/Applications/Firefox. ... s" "localhost" "-foreground" "-no-remote" "-profile" "/var/folders/5d/ftyzvn555vndp982cg169j380000gn/T/rust_mozprofilem4gDkH"
*** You are running in headless mode.
console.warn: services.settings: Ignoring preference override of remote settings server
console.warn: services.settings: Allow by setting MOZ_REMOTE_SETTINGS_DEVTOOLS=1 in the environment
1746436356371	Marionette	INFO	Marionette enabled
console.error: "Warning: unrecognized command line flag" "-remote-allow-hosts"
1746436356812	Marionette	INFO	Listening on port 51379
WebDriver BiDi listening on ws://127.0.0.1:51373
Read port: 51379
Read port: 51379
1746436358261	RemoteAgent	WARN	TLS certificate errors will be ignored for this session
[GFX1-]: RenderCompositorSWGL failed mapping default framebuffer, no dt
JavaScript warning: https://static.licdn.com/sc/h/aj4dyx1jstg91ffoizgyqt0xm, line 1: WEBGL_debug_renderer_info is deprecated in Firefox and will be removed. Please use RENDERER.
JavaScript warning: https://static.licdn.com/sc/h/aj4dyx1jstg91ffoizgyqt0xm, line 1: WEBGL_debug_renderer_info is deprecated in Firefox and will be removed. Please use RENDERER.
JavaScript warning: https://static.licdn.com/sc/h/adqhirffnjsw3nwge4cky8lfm, line 12: WEBGL_debug_renderer_info is deprecated in Firefox and will be removed. Please use RENDERER.
JavaScript warning: https://static.licdn.com/sc/h/adqhirffnjsw3nwge4cky8lfm, line 12: WEBGL_debug_renderer_info is deprecated in Firefox and will be removed. Please use RENDERER.
JavaScript warning: https://static.licdn.com/sc/h/bv911c32qdqtvy406ldakstgo, line 3: WEBGL_debug_renderer_info is deprecated in Firefox and will be removed. Please use RENDERER.
JavaScript warning: https://static.licdn.com/sc/h/bv911c32qdqtvy406ldakstgo, line 3: WEBGL_debug_renderer_info is deprecated in Firefox and will be removed. Please use RENDERER.
JavaScript warning: https://static.licdn.com/sc/h/bv911c32qdqtvy406ldakstgo, line 16: WEBGL_debug_renderer_info is deprecated in Firefox and will be removed. Please use RENDERER.
JavaScript warning: https://static.licdn.com/sc/h/bv911c32qdqtvy406ldakstgo, line 16: WEBGL_debug_renderer_info is deprecated in Firefox and will be removed. Please use RENDERER.
JavaScript warning: https://static.licdn.com/sc/h/5bjqr5n4429pfbcreibo91hwy, line 1: WEBGL_debug_renderer_info is deprecated in Firefox and will be removed. Please use RENDERER.
JavaScript warning: https://static.licdn.com/sc/h/5bjqr5n4429pfbcreibo91hwy, line 1: WEBGL_debug_renderer_info is deprecated in Firefox and will be removed. Please use RENDERER.
JavaScript warning: https://static.licdn.com/sc/h/bv911c32qdqtvy406ldakstgo, line 16: WEBGL_debug_renderer_info is deprecated in Firefox and will be removed. Please use RENDERER.
JavaScript warning: https://static.licdn.com/sc/h/bv911c32qdqtvy406ldakstgo, line 16: WEBGL_debug_renderer_info is deprecated in Firefox and will be removed. Please use RENDERER.
console.warn: LoginRecipes: "Falling back to a synchronous message for: https://www.linkedin.com."
console.warn: LoginRecipes: "Falling back to a synchronous message for: https://www.linkedin.com."
JavaScript warning: https://client.protechts.net/PXdOjV695v/main.min.js, line 2: Script terminated by timeout at:
hs@https://client.protechts.net/PXdOjV695v/main.min.js:2:49899
Ss@https://client.protechts.net/PXdOjV695v/main.min.js:2:52986
pi@https://client.protechts.net/PXdOjV695v/main.min.js:2:34557
yi@https://client.protechts.net/PXdOjV695v/main.min.js:2:34889

JavaScript warning: https://static.licdn.com/sc/h/aj4dyx1jstg91ffoizgyqt0xm, line 1: WEBGL_debug_renderer_info is deprecated in Firefox and will be removed. Please use RENDERER.
JavaScript warning: https://static.licdn.com/sc/h/aj4dyx1jstg91ffoizgyqt0xm, line 1: WEBGL_debug_renderer_info is deprecated in Firefox and will be removed. Please use RENDERER.
JavaScript warning: https://static.licdn.com/sc/h/adqhirffnjsw3nwge4cky8lfm, line 12: WEBGL_debug_renderer_info is deprecated in Firefox and will be removed. Please use RENDERER.
JavaScript warning: https://static.licdn.com/sc/h/adqhirffnjsw3nwge4cky8lfm, line 12: WEBGL_debug_renderer_info is deprecated in Firefox and will be removed. Please use RENDERER.
JavaScript warning: https://static.licdn.com/sc/h/bv911c32qdqtvy406ldakstgo, line 3: WEBGL_debug_renderer_info is deprecated in Firefox and will be removed. Please use RENDERER.
JavaScript warning: https://static.licdn.com/sc/h/bv911c32qdqtvy406ldakstgo, line 3: WEBGL_debug_renderer_info is deprecated in Firefox and will be removed. Please use RENDERER.
JavaScript warning: https://static.licdn.com/sc/h/bv911c32qdqtvy406ldakstgo, line 16: WEBGL_debug_renderer_info is deprecated in Firefox and will be removed. Please use RENDERER.
JavaScript warning: https://static.licdn.com/sc/h/bv911c32qdqtvy406ldakstgo, line 16: WEBGL_debug_renderer_info is deprecated in Firefox and will be removed. Please use RENDERER.
JavaScript warning: https://static.licdn.com/sc/h/5bjqr5n4429pfbcreibo91hwy, line 1: WEBGL_debug_renderer_info is deprecated in Firefox and will be removed. Please use RENDERER.
JavaScript warning: https://static.licdn.com/sc/h/5bjqr5n4429pfbcreibo91hwy, line 1: WEBGL_debug_renderer_info is deprecated in Firefox and will be removed. Please use RENDERER.
JavaScript error: resource://gre/actors/FormHandlerChild.sys.mjs, line 103: InvalidStateError: JSWindowActorChild.document getter: Cannot access property 'document' after actor 'FormHandler' has been destroyed
console.error: ({})
console.error: ({})
JavaScript warning: https://static.licdn.com/sc/h/bv911c32qdqtvy406ldakstgo, line 16: WEBGL_debug_renderer_info is deprecated in Firefox and will be removed. Please use RENDERER.
JavaScript warning: https://static.licdn.com/sc/h/bv911c32qdqtvy406ldakstgo, line 16: WEBGL_debug_renderer_info is deprecated in Firefox and will be removed. Please use RENDERER.
JavaScript warning: https://client.protechts.net/PXdOjV695v/main.min.js, line 2: WEBGL_debug_renderer_info is deprecated in Firefox and will be removed. Please use RENDERER.
JavaScript warning: https://static.licdn.com/aero-v1/sc/h/481ettdruwg7f1tzc8r5zd1zf, line 2: WEBGL_debug_renderer_info is deprecated in Firefox and will be removed. Please use RENDERER.
JavaScript warning: https://static.licdn.com/aero-v1/sc/h/481ettdruwg7f1tzc8r5zd1zf, line 2: WEBGL_debug_renderer_info is deprecated in Firefox and will be removed. Please use RENDERER.
JavaScript warning: https://static.licdn.com/aero-v1/sc/h/5c81icanok4a9if4xo1qkuq7c, line 1: WEBGL_debug_renderer_info is deprecated in Firefox and will be removed. Please use RENDERER.
JavaScript warning: https://static.licdn.com/aero-v1/sc/h/5c81icanok4a9if4xo1qkuq7c, line 1: WEBGL_debug_renderer_info is deprecated in Firefox and will be removed. Please use RENDERER.
JavaScript warning: https://static.licdn.com/aero-v1/sc/h/9nvwn21wno01yeyj3avpy40pe, line 2: WEBGL_debug_renderer_info is deprecated in Firefox and will be removed. Please use RENDERER.
JavaScript warning: https://static.licdn.com/aero-v1/sc/h/9nvwn21wno01yeyj3avpy40pe, line 2: WEBGL_debug_renderer_info is deprecated in Firefox and will be removed. Please use RENDERER.
JavaScript warning: https://static.licdn.com/aero-v1/sc/h/9nvwn21wno01yeyj3avpy40pe, line 2: WEBGL_debug_renderer_info is deprecated in Firefox and will be removed. Please use RENDERER.
JavaScript warning: https://static.licdn.com/aero-v1/sc/h/9nvwn21wno01yeyj3avpy40pe, line 2: WEBGL_debug_renderer_info is deprecated in Firefox and will be removed. Please use RENDERER.
JavaScript warning: https://static.licdn.com/aero-v1/sc/h/9nvwn21wno01yeyj3avpy40pe, line 2: WEBGL_debug_renderer_info is deprecated in Firefox and will be removed. Please use RENDERER.
JavaScript warning: https://static.licdn.com/aero-v1/sc/h/9nvwn21wno01yeyj3avpy40pe, line 2: WEBGL_debug_renderer_info is deprecated in Firefox and will be removed. Please use RENDERER.
JavaScript error: resource://gre/actors/FormHandlerChild.sys.mjs, line 103: InvalidStateError: JSWindowActorChild.document getter: Cannot access property 'document' after actor 'FormHandler' has been destroyed
JavaScript error: resource://gre/actors/FormHandlerChild.sys.mjs, line 103: InvalidStateError: JSWindowActorChild.document getter: Cannot access property 'document' after actor 'FormHandler' has been destroyed
JavaScript warning: https://static.licdn.com/aero-v1/sc/h/5qa1f22mxd8ig3o5g568vo59, line 1: WEBGL_debug_renderer_info is deprecated in Firefox and will be removed. Please use RENDERER.
JavaScript warning: https://static.licdn.com/aero-v1/sc/h/5qa1f22mxd8ig3o5g568vo59, line 1: WEBGL_debug_renderer_info is deprecated in Firefox and will be removed. Please use RENDERER.
JavaScript warning: https://static.licdn.com/aero-v1/sc/h/5qa1f22mxd8ig3o5g568vo59, line 1: WEBGL_debug_renderer_info is deprecated in Firefox and will be removed. Please use RENDERER.
JavaScript warning: https://static.licdn.com/aero-v1/sc/h/5qa1f22mxd8ig3o5g568vo59, line 1: WEBGL_debug_renderer_info is deprecated in Firefox and will be removed. Please use RENDERER.
JavaScript warning: https://static.licdn.com/aero-v1/sc/h/80ndnja80f2uvg4l8sj2su82m, line 1: WEBGL_debug_renderer_info is deprecated in Firefox and will be removed. Please use RENDERER.
JavaScript warning: https://static.licdn.com/aero-v1/sc/h/481ettdruwg7f1tzc8r5zd1zf, line 2: WEBGL_debug_renderer_info is deprecated in Firefox and will be removed. Please use RENDERER.
Missing chrome or resource URL: chrome://browser/skin/aboutSessionRestore-window-icon.png
Missing chrome or resource URL: chrome://browser/skin/abyss/img/waterfox-abyss-preview.svg
JavaScript warning: https://static.licdn.com/aero-v1/sc/h/9nvwn21wno01yeyj3avpy40pe, line 2: WEBGL_debug_renderer_info is deprecated in Firefox and will be removed. Please use RENDERER.
JavaScript warning: https://static.licdn.com/aero-v1/sc/h/9nvwn21wno01yeyj3avpy40pe, line 2: WEBGL_debug_renderer_info is deprecated in Firefox and will be removed. Please use RENDERER.
JavaScript warning: https://static.licdn.com/aero-v1/sc/h/9nvwn21wno01yeyj3avpy40pe, line 2: WEBGL_debug_renderer_info is deprecated in Firefox and will be removed. Please use RENDERER.
JavaScript warning: https://static.licdn.com/aero-v1/sc/h/9nvwn21wno01yeyj3avpy40pe, line 2: WEBGL_debug_renderer_info is deprecated in Firefox and will be removed. Please use RENDERER.
JavaScript warning: https://static.licdn.com/aero-v1/sc/h/9nvwn21wno01yeyj3avpy40pe, line 2: WEBGL_debug_renderer_info is deprecated in Firefox and will be removed. Please use RENDERER.
JavaScript warning: https://static.licdn.com/aero-v1/sc/h/9nvwn21wno01yeyj3avpy40pe, line 2: WEBGL_debug_renderer_info is deprecated in Firefox and will be removed. Please use RENDERER.
JavaScript warning: https://static.licdn.com/aero-v1/sc/h/9nvwn21wno01yeyj3avpy40pe, line 2: WEBGL_debug_renderer_info is deprecated in Firefox and will be removed. Please use RENDERER.
JavaScript warning: https://static.licdn.com/aero-v1/sc/h/9nvwn21wno01yeyj3avpy40pe, line 2: WEBGL_debug_renderer_info is deprecated in Firefox and will be removed. Please use RENDERER.
JavaScript warning: https://static.licdn.com/aero-v1/sc/h/9nvwn21wno01yeyj3avpy40pe, line 2: WEBGL_debug_renderer_info is deprecated in Firefox and will be removed. Please use RENDERER.
JavaScript warning: https://static.licdn.com/aero-v1/sc/h/9nvwn21wno01yeyj3avpy40pe, line 2: WEBGL_debug_renderer_info is deprecated in Firefox and will be removed. Please use RENDERER.
JavaScript warning: https://static.licdn.com/aero-v1/sc/h/9nvwn21wno01yeyj3avpy40pe, line 2: WEBGL_debug_renderer_info is deprecated in Firefox and will be removed. Please use RENDERER.
JavaScript warning: https://static.licdn.com/aero-v1/sc/h/9nvwn21wno01yeyj3avpy40pe, line 2: WEBGL_debug_renderer_info is deprecated in Firefox and will be removed. Please use RENDERER.
JavaScript warning: https://static.licdn.com/aero-v1/sc/h/9nvwn21wno01yeyj3avpy40pe, line 2: WEBGL_debug_renderer_info is deprecated in Firefox and will be removed. Please use RENDERER.
JavaScript warning: https://static.licdn.com/aero-v1/sc/h/9nvwn21wno01yeyj3avpy40pe, line 2: WEBGL_debug_renderer_info is deprecated in Firefox and will be removed. Please use RENDERER.
JavaScript warning: https://static.licdn.com/aero-v1/sc/h/9nvwn21wno01yeyj3avpy40pe, line 2: WEBGL_debug_renderer_info is deprecated in Firefox and will be removed. Please use RENDERER.
JavaScript warning: https://static.licdn.com/aero-v1/sc/h/9nvwn21wno01yeyj3avpy40pe, line 2: WEBGL_debug_renderer_info is deprecated in Firefox and will be removed. Please use RENDERER.
JavaScript warning: https://static.licdn.com/aero-v1/sc/h/9nvwn21wno01yeyj3avpy40pe, line 2: WEBGL_debug_renderer_info is deprecated in Firefox and will be removed. Please use RENDERER.
JavaScript warning: https://static.licdn.com/aero-v1/sc/h/9nvwn21wno01yeyj3avpy40pe, line 2: WEBGL_debug_renderer_info is deprecated in Firefox and will be removed. Please use RENDERER.
JavaScript warning: https://static.licdn.com/aero-v1/sc/h/9nvwn21wno01yeyj3avpy40pe, line 2: WEBGL_debug_renderer_info is deprecated in Firefox and will be removed. Please use RENDERER.
JavaScript warning: https://static.licdn.com/aero-v1/sc/h/9nvwn21wno01yeyj3avpy40pe, line 2: WEBGL_debug_renderer_info is deprecated in Firefox and will be removed. Please use RENDERER.
JavaScript warning: https://static.licdn.com/aero-v1/sc/h/9nvwn21wno01yeyj3avpy40pe, line 2: WEBGL_debug_renderer_info is deprecated in Firefox and will be removed. Please use RENDERER.
JavaScript warning: https://static.licdn.com/aero-v1/sc/h/9nvwn21wno01yeyj3avpy40pe, line 2: WEBGL_debug_renderer_info is deprecated in Firefox and will be removed. Please use RENDERER.
1746436376437	Marionette	INFO	Stopped listening on port 51379
1746436422147	geckodriver	INFO	Listening on 127.0.0.1:51427
1746436422158	mozrunner::runner	INFO	Running command: MOZ_CRASHREPORTER="1" MOZ_CRASHREPORTER_NO_REPORT="1" MOZ_CRASHREPORTER_SHUTDOWN="1" "/Applications/Firefox. ... s" "localhost" "-foreground" "-no-remote" "-profile" "/var/folders/5d/ftyzvn555vndp982cg169j380000gn/T/rust_mozprofileIeLUKQ"
console.warn: services.settings: Ignoring preference override of remote settings server
console.warn: services.settings: Allow by setting MOZ_REMOTE_SETTINGS_DEVTOOLS=1 in the environment
1746436422707	Marionette	INFO	Marionette enabled
console.error: "Warning: unrecognized command line flag" "-remote-allow-hosts"
1746436423152	Marionette	INFO	Listening on port 51433
WebDriver BiDi listening on ws://127.0.0.1:51428
Read port: 51433
1746436423693	RemoteAgent	WARN	TLS certificate errors will be ignored for this session
JavaScript warning: https://static.licdn.com/sc/h/aj4dyx1jstg91ffoizgyqt0xm, line 1: WEBGL_debug_renderer_info is deprecated in Firefox and will be removed. Please use RENDERER.
JavaScript warning: https://static.licdn.com/sc/h/aj4dyx1jstg91ffoizgyqt0xm, line 1: WEBGL_debug_renderer_info is deprecated in Firefox and will be removed. Please use RENDERER.
JavaScript warning: https://static.licdn.com/sc/h/adqhirffnjsw3nwge4cky8lfm, line 12: WEBGL_debug_renderer_info is deprecated in Firefox and will be removed. Please use RENDERER.
JavaScript warning: https://static.licdn.com/sc/h/adqhirffnjsw3nwge4cky8lfm, line 12: WEBGL_debug_renderer_info is deprecated in Firefox and will be removed. Please use RENDERER.
JavaScript warning: https://static.licdn.com/sc/h/bv911c32qdqtvy406ldakstgo, line 3: WEBGL_debug_renderer_info is deprecated in Firefox and will be removed. Please use RENDERER.
JavaScript warning: https://static.licdn.com/sc/h/bv911c32qdqtvy406ldakstgo, line 3: WEBGL_debug_renderer_info is deprecated in Firefox and will be removed. Please use RENDERER.
JavaScript warning: https://static.licdn.com/sc/h/bv911c32qdqtvy406ldakstgo, line 16: WEBGL_debug_renderer_info is deprecated in Firefox and will be removed. Please use RENDERER.
JavaScript warning: https://static.licdn.com/sc/h/bv911c32qdqtvy406ldakstgo, line 16: WEBGL_debug_renderer_info is deprecated in Firefox and will be removed. Please use RENDERER.
JavaScript warning: https://static.licdn.com/sc/h/5bjqr5n4429pfbcreibo91hwy, line 1: WEBGL_debug_renderer_info is deprecated in Firefox and will be removed. Please use RENDERER.
JavaScript warning: https://static.licdn.com/sc/h/5bjqr5n4429pfbcreibo91hwy, line 1: WEBGL_debug_renderer_info is deprecated in Firefox and will be removed. Please use RENDERER.
JavaScript warning: https://static.licdn.com/sc/h/bv911c32qdqtvy406ldakstgo, line 16: WEBGL_debug_renderer_info is deprecated in Firefox and will be removed. Please use RENDERER.
JavaScript warning: https://static.licdn.com/sc/h/bv911c32qdqtvy406ldakstgo, line 16: WEBGL_debug_renderer_info is deprecated in Firefox and will be removed. Please use RENDERER.
console.warn: LoginRecipes: "Falling back to a synchronous message for: https://www.linkedin.com."
console.warn: LoginRecipes: "Falling back to a synchronous message for: https://www.linkedin.com."
JavaScript warning: https://static.licdn.com/sc/h/aj4dyx1jstg91ffoizgyqt0xm, line 1: WEBGL_debug_renderer_info is deprecated in Firefox and will be removed. Please use RENDERER.
JavaScript warning: https://static.licdn.com/sc/h/aj4dyx1jstg91ffoizgyqt0xm, line 1: WEBGL_debug_renderer_info is deprecated in Firefox and will be removed. Please use RENDERER.
JavaScript warning: https://static.licdn.com/sc/h/adqhirffnjsw3nwge4cky8lfm, line 12: WEBGL_debug_renderer_info is deprecated in Firefox and will be removed. Please use RENDERER.
JavaScript warning: https://static.licdn.com/sc/h/adqhirffnjsw3nwge4cky8lfm, line 12: WEBGL_debug_renderer_info is deprecated in Firefox and will be removed. Please use RENDERER.
JavaScript warning: https://static.licdn.com/sc/h/bv911c32qdqtvy406ldakstgo, line 3: WEBGL_debug_renderer_info is deprecated in Firefox and will be removed. Please use RENDERER.
JavaScript warning: https://static.licdn.com/sc/h/bv911c32qdqtvy406ldakstgo, line 3: WEBGL_debug_renderer_info is deprecated in Firefox and will be removed. Please use RENDERER.
JavaScript warning: https://static.licdn.com/sc/h/bv911c32qdqtvy406ldakstgo, line 16: WEBGL_debug_renderer_info is deprecated in Firefox and will be removed. Please use RENDERER.
JavaScript warning: https://static.licdn.com/sc/h/bv911c32qdqtvy406ldakstgo, line 16: WEBGL_debug_renderer_info is deprecated in Firefox and will be removed. Please use RENDERER.
JavaScript warning: https://static.licdn.com/sc/h/5bjqr5n4429pfbcreibo91hwy, line 1: WEBGL_debug_renderer_info is deprecated in Firefox and will be removed. Please use RENDERER.
JavaScript warning: https://static.licdn.com/sc/h/5bjqr5n4429pfbcreibo91hwy, line 1: WEBGL_debug_renderer_info is deprecated in Firefox and will be removed. Please use RENDERER.
JavaScript error: resource://gre/actors/FormHandlerChild.sys.mjs, line 103: InvalidStateError: JSWindowActorChild.document getter: Cannot access property 'document' after actor 'FormHandler' has been destroyed
console.error: ({})
console.error: ({})
JavaScript warning: https://static.licdn.com/sc/h/bv911c32qdqtvy406ldakstgo, line 16: WEBGL_debug_renderer_info is deprecated in Firefox and will be removed. Please use RENDERER.
JavaScript warning: https://static.licdn.com/sc/h/bv911c32qdqtvy406ldakstgo, line 16: WEBGL_debug_renderer_info is deprecated in Firefox and will be removed. Please use RENDERER.
JavaScript warning: https://static.licdn.com/aero-v1/sc/h/481ettdruwg7f1tzc8r5zd1zf, line 2: WEBGL_debug_renderer_info is deprecated in Firefox and will be removed. Please use RENDERER.
JavaScript warning: https://static.licdn.com/aero-v1/sc/h/481ettdruwg7f1tzc8r5zd1zf, line 2: WEBGL_debug_renderer_info is deprecated in Firefox and will be removed. Please use RENDERER.
JavaScript warning: https://static.licdn.com/aero-v1/sc/h/5c81icanok4a9if4xo1qkuq7c, line 1: WEBGL_debug_renderer_info is deprecated in Firefox and will be removed. Please use RENDERER.
JavaScript warning: https://static.licdn.com/aero-v1/sc/h/5c81icanok4a9if4xo1qkuq7c, line 1: WEBGL_debug_renderer_info is deprecated in Firefox and will be removed. Please use RENDERER.
JavaScript warning: https://static.licdn.com/aero-v1/sc/h/9nvwn21wno01yeyj3avpy40pe, line 2: WEBGL_debug_renderer_info is deprecated in Firefox and will be removed. Please use RENDERER.
JavaScript warning: https://static.licdn.com/aero-v1/sc/h/9nvwn21wno01yeyj3avpy40pe, line 2: WEBGL_debug_renderer_info is deprecated in Firefox and will be removed. Please use RENDERER.
JavaScript warning: https://static.licdn.com/aero-v1/sc/h/9nvwn21wno01yeyj3avpy40pe, line 2: WEBGL_debug_renderer_info is deprecated in Firefox and will be removed. Please use RENDERER.
JavaScript warning: https://static.licdn.com/aero-v1/sc/h/9nvwn21wno01yeyj3avpy40pe, line 2: WEBGL_debug_renderer_info is deprecated in Firefox and will be removed. Please use RENDERER.
JavaScript warning: https://static.licdn.com/aero-v1/sc/h/9nvwn21wno01yeyj3avpy40pe, line 2: WEBGL_debug_renderer_info is deprecated in Firefox and will be removed. Please use RENDERER.
JavaScript warning: https://static.licdn.com/aero-v1/sc/h/9nvwn21wno01yeyj3avpy40pe, line 2: WEBGL_debug_renderer_info is deprecated in Firefox and will be removed. Please use RENDERER.
JavaScript error: resource://gre/actors/FormHandlerChild.sys.mjs, line 103: InvalidStateError: JSWindowActorChild.document getter: Cannot access property 'document' after actor 'FormHandler' has been destroyed
JavaScript error: resource://gre/actors/FormHandlerChild.sys.mjs, line 103: InvalidStateError: JSWindowActorChild.document getter: Cannot access property 'document' after actor 'FormHandler' has been destroyed
JavaScript warning: https://static.licdn.com/aero-v1/sc/h/5qa1f22mxd8ig3o5g568vo59, line 1: WEBGL_debug_renderer_info is deprecated in Firefox and will be removed. Please use RENDERER.
JavaScript warning: https://static.licdn.com/aero-v1/sc/h/5qa1f22mxd8ig3o5g568vo59, line 1: WEBGL_debug_renderer_info is deprecated in Firefox and will be removed. Please use RENDERER.
JavaScript warning: https://static.licdn.com/aero-v1/sc/h/5qa1f22mxd8ig3o5g568vo59, line 1: WEBGL_debug_renderer_info is deprecated in Firefox and will be removed. Please use RENDERER.
JavaScript warning: https://static.licdn.com/aero-v1/sc/h/5qa1f22mxd8ig3o5g568vo59, line 1: WEBGL_debug_renderer_info is deprecated in Firefox and will be removed. Please use RENDERER.
JavaScript warning: https://static.licdn.com/aero-v1/sc/h/80ndnja80f2uvg4l8sj2su82m, line 1: WEBGL_debug_renderer_info is deprecated in Firefox and will be removed. Please use RENDERER.
JavaScript warning: https://static.licdn.com/aero-v1/sc/h/481ettdruwg7f1tzc8r5zd1zf, line 2: WEBGL_debug_renderer_info is deprecated in Firefox and will be removed. Please use RENDERER.
JavaScript warning: https://static.licdn.com/aero-v1/sc/h/80ndnja80f2uvg4l8sj2su82m, line 1: WEBGL_debug_renderer_info is deprecated in Firefox and will be removed. Please use RENDERER.
JavaScript warning: https://client.protechts.net/PXdOjV695v/main.min.js, line 2: Script terminated by timeout at:
hs@https://client.protechts.net/PXdOjV695v/main.min.js:2:49899
Ss@https://client.protechts.net/PXdOjV695v/main.min.js:2:52986
pi@https://client.protechts.net/PXdOjV695v/main.min.js:2:34557
yi@https://client.protechts.net/PXdOjV695v/main.min.js:2:34889

1746436443676	Marionette	INFO	Stopped listening on port 51433
1746436765929	geckodriver	INFO	Listening on 127.0.0.1:51654
1746436765961	mozrunner::runner	INFO	Running command: MOZ_CRASHREPORTER="1" MOZ_CRASHREPORTER_NO_REPORT="1" MOZ_CRASHREPORTER_SHUTDOWN="1" "/Applications/Firefox. ... s" "localhost" "-foreground" "-no-remote" "-profile" "/var/folders/5d/ftyzvn555vndp982cg169j380000gn/T/rust_mozprofileV9nkNa"
console.warn: services.settings: Ignoring preference override of remote settings server
console.warn: services.settings: Allow by setting MOZ_REMOTE_SETTINGS_DEVTOOLS=1 in the environment
1746436766928	Marionette	INFO	Marionette enabled
console.error: "Warning: unrecognized command line flag" "-remote-allow-hosts"
1746436767718	Marionette	INFO	Listening on port 51661
Read port: 51661
WebDriver BiDi listening on ws://127.0.0.1:51655
1746436768592	RemoteAgent	WARN	TLS certificate errors will be ignored for this session
JavaScript warning: https://static.licdn.com/sc/h/aj4dyx1jstg91ffoizgyqt0xm, line 1: WEBGL_debug_renderer_info is deprecated in Firefox and will be removed. Please use RENDERER.
JavaScript warning: https://static.licdn.com/sc/h/aj4dyx1jstg91ffoizgyqt0xm, line 1: WEBGL_debug_renderer_info is deprecated in Firefox and will be removed. Please use RENDERER.
JavaScript warning: https://static.licdn.com/sc/h/adqhirffnjsw3nwge4cky8lfm, line 12: WEBGL_debug_renderer_info is deprecated in Firefox and will be removed. Please use RENDERER.
JavaScript warning: https://static.licdn.com/sc/h/adqhirffnjsw3nwge4cky8lfm, line 12: WEBGL_debug_renderer_info is deprecated in Firefox and will be removed. Please use RENDERER.
JavaScript warning: https://static.licdn.com/sc/h/bv911c32qdqtvy406ldakstgo, line 3: WEBGL_debug_renderer_info is deprecated in Firefox and will be removed. Please use RENDERER.
JavaScript warning: https://static.licdn.com/sc/h/bv911c32qdqtvy406ldakstgo, line 3: WEBGL_debug_renderer_info is deprecated in Firefox and will be removed. Please use RENDERER.
JavaScript warning: https://static.licdn.com/sc/h/bv911c32qdqtvy406ldakstgo, line 16: WEBGL_debug_renderer_info is deprecated in Firefox and will be removed. Please use RENDERER.
JavaScript warning: https://static.licdn.com/sc/h/bv911c32qdqtvy406ldakstgo, line 16: WEBGL_debug_renderer_info is deprecated in Firefox and will be removed. Please use RENDERER.
JavaScript warning: https://static.licdn.com/sc/h/5bjqr5n4429pfbcreibo91hwy, line 1: WEBGL_debug_renderer_info is deprecated in Firefox and will be removed. Please use RENDERER.
JavaScript warning: https://static.licdn.com/sc/h/5bjqr5n4429pfbcreibo91hwy, line 1: WEBGL_debug_renderer_info is deprecated in Firefox and will be removed. Please use RENDERER.
JavaScript warning: https://static.licdn.com/sc/h/bv911c32qdqtvy406ldakstgo, line 16: WEBGL_debug_renderer_info is deprecated in Firefox and will be removed. Please use RENDERER.
JavaScript warning: https://static.licdn.com/sc/h/bv911c32qdqtvy406ldakstgo, line 16: WEBGL_debug_renderer_info is deprecated in Firefox and will be removed. Please use RENDERER.
console.warn: LoginRecipes: "Falling back to a synchronous message for: https://www.linkedin.com."
console.warn: LoginRecipes: "Falling back to a synchronous message for: https://www.linkedin.com."
JavaScript warning: https://static.licdn.com/aero-v1/sc/h/3i3xwuuxlymaqdmv1p4clzey9, line 22790: unreachable code after return statement
JavaScript warning: https://static.licdn.com/aero-v1/sc/h/7eb12emys1h9s6w2vb6oafk8e, line 2999: unreachable code after return statement
JavaScript warning: https://merchantpool1.linkedin.com/?session_id=12b1ea71-da21-497b-83f7-41f0718f0204&CustomerId=fb6bbd47-fa7c-4264-b4e9-b25948407586&PageId=&w=8DD8BB5F8EA0B39&mdt=1746436783994&rticks=1746436783790, line 5: WEBGL_debug_renderer_info is deprecated in Firefox and will be removed. Please use RENDERER.
JavaScript warning: https://static.licdn.com/aero-v1/sc/h/5sgpm9lcqn0f5lh639w1wb3k, line 4834: WEBGL_debug_renderer_info is deprecated in Firefox and will be removed. Please use RENDERER.
JavaScript warning: https://static.licdn.com/aero-v1/sc/h/5sgpm9lcqn0f5lh639w1wb3k, line 4830: WEBGL_debug_renderer_info is deprecated in Firefox and will be removed. Please use RENDERER.
JavaScript error: , line 0: TypeError: Error in input stream
JavaScript warning: https://client.protechts.net/PXdOjV695v/main.min.js, line 2: Script terminated by timeout at:
ui@https://client.protechts.net/PXdOjV695v/main.min.js:2:33288
hs@https://client.protechts.net/PXdOjV695v/main.min.js:2:49928
Ss@https://client.protechts.net/PXdOjV695v/main.min.js:2:52986
pi@https://client.protechts.net/PXdOjV695v/main.min.js:2:34557
yi@https://client.protechts.net/PXdOjV695v/main.min.js:2:34889

JavaScript warning: https://static.licdn.com/aero-v1/sc/h/3i3xwuuxlymaqdmv1p4clzey9, line 22790: unreachable code after return statement
JavaScript warning: https://static.licdn.com/aero-v1/sc/h/7eb12emys1h9s6w2vb6oafk8e, line 2999: unreachable code after return statement
JavaScript warning: https://client.protechts.net/PXdOjV695v/main.min.js, line 2: WEBGL_debug_renderer_info is deprecated in Firefox and will be removed. Please use RENDERER.
JavaScript warning: https://static.licdn.com/aero-v1/sc/h/5sgpm9lcqn0f5lh639w1wb3k, line 4834: WEBGL_debug_renderer_info is deprecated in Firefox and will be removed. Please use RENDERER.
JavaScript warning: https://static.licdn.com/aero-v1/sc/h/5sgpm9lcqn0f5lh639w1wb3k, line 4830: WEBGL_debug_renderer_info is deprecated in Firefox and will be removed. Please use RENDERER.
1746436797631	Marionette	INFO	Stopped listening on port 51661
JavaScript warning: https://static.licdn.com/aero-v1/sc/h/5sgpm9lcqn0f5lh639w1wb3k, line 9317: Script terminated by timeout at:
73265/Ht/</i.onsuccess@https://static.licdn.com/aero-v1/sc/h/5sgpm9lcqn0f5lh639w1wb3k:9317:105

console.warn: services.settings: main/nimbus-desktop-experiments sync interrupted by shutdown
console.warn: services.settings: blocklists/addons-bloomfilters sync interrupted by shutdown
console.error: (new Error("IndexedDB: main/nimbus-web-experiments getLastModified() IndexedDB:  execute() The application is shutting down", "resource://services-settings/IDBHelpers.sys.mjs", 16))
1746437135318	geckodriver	INFO	Listening on 127.0.0.1:51837
1746437135847	mozrunner::runner	INFO	Running command: MOZ_CRASHREPORTER="1" MOZ_CRASHREPORTER_NO_REPORT="1" MOZ_CRASHREPORTER_SHUTDOWN="1" "/Applications/Firefox. ... s" "localhost" "-foreground" "-no-remote" "-profile" "/var/folders/5d/ftyzvn555vndp982cg169j380000gn/T/rust_mozprofile8YglKM"
*** You are running in headless mode.
console.warn: services.settings: Ignoring preference override of remote settings server
console.warn: services.settings: Allow by setting MOZ_REMOTE_SETTINGS_DEVTOOLS=1 in the environment
1746437136313	Marionette	INFO	Marionette enabled
console.error: "Warning: unrecognized command line flag" "-remote-allow-hosts"
1746437136727	Marionette	INFO	Listening on port 51845
WebDriver BiDi listening on ws://127.0.0.1:51838
Read port: 51845
1746437137251	RemoteAgent	WARN	TLS certificate errors will be ignored for this session
[GFX1-]: RenderCompositorSWGL failed mapping default framebuffer, no dt
1746437198868	Marionette	WARN	Ignoring event 'pageshow' because document has an invalid readyState of 'uninitialized'.
1746437229740	geckodriver	INFO	Listening on 127.0.0.1:51874
1746437230261	mozrunner::runner	INFO	Running command: MOZ_CRASHREPORTER="1" MOZ_CRASHREPORTER_NO_REPORT="1" MOZ_CRASHREPORTER_SHUTDOWN="1" "/Applications/Firefox. ... s" "localhost" "-foreground" "-no-remote" "-profile" "/var/folders/5d/ftyzvn555vndp982cg169j380000gn/T/rust_mozprofileEAJFsT"
console.warn: services.settings: Ignoring preference override of remote settings server
console.warn: services.settings: Allow by setting MOZ_REMOTE_SETTINGS_DEVTOOLS=1 in the environment
1746437230777	Marionette	INFO	Marionette enabled
console.error: "Warning: unrecognized command line flag" "-remote-allow-hosts"
1746437231257	Marionette	INFO	Listening on port 51883
WebDriver BiDi listening on ws://127.0.0.1:51875
Read port: 51883
1746437231802	RemoteAgent	WARN	TLS certificate errors will be ignored for this session
JavaScript error: https://static.licdn.com/sc/h/bv911c32qdqtvy406ldakstgo, line 18: TypeError: this.window.lazyloader is undefined
JavaScript warning: https://static.licdn.com/sc/h/aj4dyx1jstg91ffoizgyqt0xm, line 1: WEBGL_debug_renderer_info is deprecated in Firefox and will be removed. Please use RENDERER.
JavaScript warning: https://static.licdn.com/sc/h/aj4dyx1jstg91ffoizgyqt0xm, line 1: WEBGL_debug_renderer_info is deprecated in Firefox and will be removed. Please use RENDERER.
JavaScript warning: https://static.licdn.com/sc/h/adqhirffnjsw3nwge4cky8lfm, line 12: WEBGL_debug_renderer_info is deprecated in Firefox and will be removed. Please use RENDERER.
JavaScript warning: https://static.licdn.com/sc/h/adqhirffnjsw3nwge4cky8lfm, line 12: WEBGL_debug_renderer_info is deprecated in Firefox and will be removed. Please use RENDERER.
JavaScript warning: https://static.licdn.com/sc/h/bv911c32qdqtvy406ldakstgo, line 3: WEBGL_debug_renderer_info is deprecated in Firefox and will be removed. Please use RENDERER.
JavaScript warning: https://static.licdn.com/sc/h/bv911c32qdqtvy406ldakstgo, line 3: WEBGL_debug_renderer_info is deprecated in Firefox and will be removed. Please use RENDERER.
JavaScript warning: https://static.licdn.com/sc/h/bv911c32qdqtvy406ldakstgo, line 16: WEBGL_debug_renderer_info is deprecated in Firefox and will be removed. Please use RENDERER.
JavaScript warning: https://static.licdn.com/sc/h/bv911c32qdqtvy406ldakstgo, line 16: WEBGL_debug_renderer_info is deprecated in Firefox and will be removed. Please use RENDERER.
JavaScript warning: https://static.licdn.com/sc/h/5bjqr5n4429pfbcreibo91hwy, line 1: WEBGL_debug_renderer_info is deprecated in Firefox and will be removed. Please use RENDERER.
JavaScript warning: https://static.licdn.com/sc/h/5bjqr5n4429pfbcreibo91hwy, line 1: WEBGL_debug_renderer_info is deprecated in Firefox and will be removed. Please use RENDERER.
JavaScript warning: https://static.licdn.com/sc/h/bv911c32qdqtvy406ldakstgo, line 16: WEBGL_debug_renderer_info is deprecated in Firefox and will be removed. Please use RENDERER.
JavaScript warning: https://static.licdn.com/sc/h/bv911c32qdqtvy406ldakstgo, line 16: WEBGL_debug_renderer_info is deprecated in Firefox and will be removed. Please use RENDERER.
console.warn: LoginRecipes: "Falling back to a synchronous message for: https://www.linkedin.com."
console.warn: LoginRecipes: "Falling back to a synchronous message for: https://www.linkedin.com."
JavaScript warning: https://static.licdn.com/aero-v1/sc/h/3i3xwuuxlymaqdmv1p4clzey9, line 22790: unreachable code after return statement
JavaScript warning: https://static.licdn.com/aero-v1/sc/h/7eb12emys1h9s6w2vb6oafk8e, line 2999: unreachable code after return statement
JavaScript warning: https://merchantpool1.linkedin.com/?session_id=9e0bd885-0c6d-46ad-895c-5f55fdd43409&CustomerId=fb6bbd47-fa7c-4264-b4e9-b25948407586&PageId=&w=8DD8BB70BC5628F&mdt=1746437244978&rticks=1746437244923, line 5: WEBGL_debug_renderer_info is deprecated in Firefox and will be removed. Please use RENDERER.
JavaScript warning: https://static.licdn.com/aero-v1/sc/h/5sgpm9lcqn0f5lh639w1wb3k, line 4834: WEBGL_debug_renderer_info is deprecated in Firefox and will be removed. Please use RENDERER.
JavaScript warning: https://static.licdn.com/aero-v1/sc/h/5sgpm9lcqn0f5lh639w1wb3k, line 4830: WEBGL_debug_renderer_info is deprecated in Firefox and will be removed. Please use RENDERER.
JavaScript error: , line 0: TypeError: Error in input stream
JavaScript warning: https://client.protechts.net/PXdOjV695v/main.min.js, line 2: Script terminated by timeout at:
ui@https://client.protechts.net/PXdOjV695v/main.min.js:2:33288
hs@https://client.protechts.net/PXdOjV695v/main.min.js:2:49928
Ss@https://client.protechts.net/PXdOjV695v/main.min.js:2:52986
pi@https://client.protechts.net/PXdOjV695v/main.min.js:2:34557
yi@https://client.protechts.net/PXdOjV695v/main.min.js:2:34889

JavaScript warning: https://static.licdn.com/aero-v1/sc/h/3i3xwuuxlymaqdmv1p4clzey9, line 22790: unreachable code after return statement
JavaScript warning: https://static.licdn.com/aero-v1/sc/h/7eb12emys1h9s6w2vb6oafk8e, line 2999: unreachable code after return statement
JavaScript warning: https://client.protechts.net/PXdOjV695v/main.min.js, line 2: WEBGL_debug_renderer_info is deprecated in Firefox and will be removed. Please use RENDERER.
1746437260011	Marionette	INFO	Stopped listening on port 51883
JavaScript warning: https://static.licdn.com/aero-v1/sc/h/5sgpm9lcqn0f5lh639w1wb3k, line 4727: Script terminated by timeout at:
value@https://static.licdn.com/aero-v1/sc/h/5sgpm9lcqn0f5lh639w1wb3k:4727:951
value@https://static.licdn.com/aero-v1/sc/h/5sgpm9lcqn0f5lh639w1wb3k:4816:944
value@https://static.licdn.com/aero-v1/sc/h/5sgpm9lcqn0f5lh639w1wb3k:4782:419
l@https://static.licdn.com/aero-v1/sc/h/5sgpm9lcqn0f5lh639w1wb3k:4749:19

JavaScript warning: https://static.licdn.com/aero-v1/sc/h/5sgpm9lcqn0f5lh639w1wb3k, line 4834: WEBGL_debug_renderer_info is deprecated in Firefox and will be removed. Please use RENDERER.
JavaScript warning: https://static.licdn.com/aero-v1/sc/h/5sgpm9lcqn0f5lh639w1wb3k, line 4830: WEBGL_debug_renderer_info is deprecated in Firefox and will be removed. Please use RENDERER.
console.error: Region.sys.mjs: "Error fetching region" (new TypeError("NetworkError when attempting to fetch resource.", ""))
console.error: Region.sys.mjs: "Failed to fetch region" (new Error("NO_RESULT", "resource://gre/modules/Region.sys.mjs", 407))
1746437260934	addons.xpi	ERROR	System addon update list error [Exception... "<no message>"  nsresult: "0x8046001e (<unknown>)"  location: "JS frame :: resource://gre/modules/ServiceRequest.sys.mjs :: open :: line 126"  data: no]
console.error: (new Error("Polling for changes failed: .", "resource://services-settings/remote-settings.sys.mjs", 430))
1746437290526	geckodriver	INFO	Listening on 127.0.0.1:51936
1746437291038	mozrunner::runner	INFO	Running command: MOZ_CRASHREPORTER="1" MOZ_CRASHREPORTER_NO_REPORT="1" MOZ_CRASHREPORTER_SHUTDOWN="1" "/Applications/Firefox. ... s" "localhost" "-foreground" "-no-remote" "-profile" "/var/folders/5d/ftyzvn555vndp982cg169j380000gn/T/rust_mozprofileq8ckT9"
*** You are running in headless mode.
console.warn: services.settings: Ignoring preference override of remote settings server
console.warn: services.settings: Allow by setting MOZ_REMOTE_SETTINGS_DEVTOOLS=1 in the environment
1746437291466	Marionette	INFO	Marionette enabled
console.error: "Warning: unrecognized command line flag" "-remote-allow-hosts"
1746437291861	Marionette	INFO	Listening on port 51944
WebDriver BiDi listening on ws://127.0.0.1:51937
Read port: 51944
1746437292394	RemoteAgent	WARN	TLS certificate errors will be ignored for this session
[GFX1-]: RenderCompositorSWGL failed mapping default framebuffer, no dt
JavaScript error: https://static.licdn.com/sc/h/bv911c32qdqtvy406ldakstgo, line 18: TypeError: this.window.lazyloader is undefined
JavaScript warning: https://static.licdn.com/sc/h/aj4dyx1jstg91ffoizgyqt0xm, line 1: WEBGL_debug_renderer_info is deprecated in Firefox and will be removed. Please use RENDERER.
JavaScript warning: https://static.licdn.com/sc/h/aj4dyx1jstg91ffoizgyqt0xm, line 1: WEBGL_debug_renderer_info is deprecated in Firefox and will be removed. Please use RENDERER.
JavaScript warning: https://static.licdn.com/sc/h/adqhirffnjsw3nwge4cky8lfm, line 12: WEBGL_debug_renderer_info is deprecated in Firefox and will be removed. Please use RENDERER.
JavaScript warning: https://static.licdn.com/sc/h/adqhirffnjsw3nwge4cky8lfm, line 12: WEBGL_debug_renderer_info is deprecated in Firefox and will be removed. Please use RENDERER.
JavaScript warning: https://static.licdn.com/sc/h/bv911c32qdqtvy406ldakstgo, line 3: WEBGL_debug_renderer_info is deprecated in Firefox and will be removed. Please use RENDERER.
JavaScript warning: https://static.licdn.com/sc/h/bv911c32qdqtvy406ldakstgo, line 3: WEBGL_debug_renderer_info is deprecated in Firefox and will be removed. Please use RENDERER.
JavaScript warning: https://static.licdn.com/sc/h/bv911c32qdqtvy406ldakstgo, line 16: WEBGL_debug_renderer_info is deprecated in Firefox and will be removed. Please use RENDERER.
JavaScript warning: https://static.licdn.com/sc/h/bv911c32qdqtvy406ldakstgo, line 16: WEBGL_debug_renderer_info is deprecated in Firefox and will be removed. Please use RENDERER.
JavaScript warning: https://static.licdn.com/sc/h/5bjqr5n4429pfbcreibo91hwy, line 1: WEBGL_debug_renderer_info is deprecated in Firefox and will be removed. Please use RENDERER.
JavaScript warning: https://static.licdn.com/sc/h/5bjqr5n4429pfbcreibo91hwy, line 1: WEBGL_debug_renderer_info is deprecated in Firefox and will be removed. Please use RENDERER.
JavaScript warning: https://static.licdn.com/sc/h/bv911c32qdqtvy406ldakstgo, line 16: WEBGL_debug_renderer_info is deprecated in Firefox and will be removed. Please use RENDERER.
JavaScript warning: https://static.licdn.com/sc/h/bv911c32qdqtvy406ldakstgo, line 16: WEBGL_debug_renderer_info is deprecated in Firefox and will be removed. Please use RENDERER.
console.warn: LoginRecipes: "Falling back to a synchronous message for: https://www.linkedin.com."
console.warn: LoginRecipes: "Falling back to a synchronous message for: https://www.linkedin.com."
JavaScript warning: https://static.licdn.com/aero-v1/sc/h/3i3xwuuxlymaqdmv1p4clzey9, line 22790: unreachable code after return statement
JavaScript warning: https://static.licdn.com/aero-v1/sc/h/7eb12emys1h9s6w2vb6oafk8e, line 2999: unreachable code after return statement
JavaScript warning: https://merchantpool1.linkedin.com/?session_id=02500148-093d-4215-885b-b97a4b82cc05&CustomerId=fb6bbd47-fa7c-4264-b4e9-b25948407586&PageId=&w=8DD8BB72F213405&mdt=1746437304284&rticks=1746437304245, line 5: WEBGL_debug_renderer_info is deprecated in Firefox and will be removed. Please use RENDERER.
JavaScript warning: https://static.licdn.com/aero-v1/sc/h/5sgpm9lcqn0f5lh639w1wb3k, line 4834: WEBGL_debug_renderer_info is deprecated in Firefox and will be removed. Please use RENDERER.
JavaScript warning: https://static.licdn.com/aero-v1/sc/h/5sgpm9lcqn0f5lh639w1wb3k, line 4830: WEBGL_debug_renderer_info is deprecated in Firefox and will be removed. Please use RENDERER.
JavaScript error: , line 0: TypeError: Error in input stream
JavaScript error: resource://gre/actors/PictureInPictureChild.sys.mjs, line 369: TypeError: can't access dead object
JavaScript warning: https://static.licdn.com/aero-v1/sc/h/3i3xwuuxlymaqdmv1p4clzey9, line 22790: unreachable code after return statement
JavaScript warning: https://static.licdn.com/aero-v1/sc/h/7eb12emys1h9s6w2vb6oafk8e, line 2999: unreachable code after return statement
JavaScript warning: https://client.protechts.net/PXdOjV695v/main.min.js, line 2: WEBGL_debug_renderer_info is deprecated in Firefox and will be removed. Please use RENDERER.
JavaScript warning: https://static.licdn.com/aero-v1/sc/h/5sgpm9lcqn0f5lh639w1wb3k, line 4834: WEBGL_debug_renderer_info is deprecated in Firefox and will be removed. Please use RENDERER.
JavaScript warning: https://static.licdn.com/aero-v1/sc/h/5sgpm9lcqn0f5lh639w1wb3k, line 4830: WEBGL_debug_renderer_info is deprecated in Firefox and will be removed. Please use RENDERER.
1746437317416	Marionette	INFO	Stopped listening on port 51944
JavaScript warning: https://static.licdn.com/aero-v1/sc/h/5sgpm9lcqn0f5lh639w1wb3k, line 9317: Script terminated by timeout at:
73265/Ht/</i.onsuccess@https://static.licdn.com/aero-v1/sc/h/5sgpm9lcqn0f5lh639w1wb3k:9317:105

1746437439870	geckodriver	INFO	Listening on 127.0.0.1:52017
1746437439882	mozrunner::runner	INFO	Running command: MOZ_CRASHREPORTER="1" MOZ_CRASHREPORTER_NO_REPORT="1" MOZ_CRASHREPORTER_SHUTDOWN="1" "/Applications/Firefox. ... s" "localhost" "-foreground" "-no-remote" "-profile" "/var/folders/5d/ftyzvn555vndp982cg169j380000gn/T/rust_mozprofile25U9TI"
*** You are running in headless mode.
console.warn: services.settings: Ignoring preference override of remote settings server
console.warn: services.settings: Allow by setting MOZ_REMOTE_SETTINGS_DEVTOOLS=1 in the environment
1746437440662	Marionette	INFO	Marionette enabled
console.error: "Warning: unrecognized command line flag" "-remote-allow-hosts"
1746437441215	Marionette	INFO	Listening on port 52024
WebDriver BiDi listening on ws://127.0.0.1:52018
Read port: 52024
1746437442222	RemoteAgent	WARN	TLS certificate errors will be ignored for this session
[GFX1-]: RenderCompositorSWGL failed mapping default framebuffer, no dt
JavaScript error: https://static.licdn.com/sc/h/bv911c32qdqtvy406ldakstgo, line 18: TypeError: this.window.lazyloader is undefined
JavaScript warning: https://static.licdn.com/sc/h/aj4dyx1jstg91ffoizgyqt0xm, line 1: WEBGL_debug_renderer_info is deprecated in Firefox and will be removed. Please use RENDERER.
JavaScript warning: https://static.licdn.com/sc/h/aj4dyx1jstg91ffoizgyqt0xm, line 1: WEBGL_debug_renderer_info is deprecated in Firefox and will be removed. Please use RENDERER.
JavaScript warning: https://static.licdn.com/sc/h/adqhirffnjsw3nwge4cky8lfm, line 12: WEBGL_debug_renderer_info is deprecated in Firefox and will be removed. Please use RENDERER.
JavaScript warning: https://static.licdn.com/sc/h/adqhirffnjsw3nwge4cky8lfm, line 12: WEBGL_debug_renderer_info is deprecated in Firefox and will be removed. Please use RENDERER.
JavaScript warning: https://static.licdn.com/sc/h/bv911c32qdqtvy406ldakstgo, line 3: WEBGL_debug_renderer_info is deprecated in Firefox and will be removed. Please use RENDERER.
JavaScript warning: https://static.licdn.com/sc/h/bv911c32qdqtvy406ldakstgo, line 3: WEBGL_debug_renderer_info is deprecated in Firefox and will be removed. Please use RENDERER.
JavaScript warning: https://static.licdn.com/sc/h/bv911c32qdqtvy406ldakstgo, line 16: WEBGL_debug_renderer_info is deprecated in Firefox and will be removed. Please use RENDERER.
JavaScript warning: https://static.licdn.com/sc/h/bv911c32qdqtvy406ldakstgo, line 16: WEBGL_debug_renderer_info is deprecated in Firefox and will be removed. Please use RENDERER.
JavaScript warning: https://static.licdn.com/sc/h/5bjqr5n4429pfbcreibo91hwy, line 1: WEBGL_debug_renderer_info is deprecated in Firefox and will be removed. Please use RENDERER.
JavaScript warning: https://static.licdn.com/sc/h/5bjqr5n4429pfbcreibo91hwy, line 1: WEBGL_debug_renderer_info is deprecated in Firefox and will be removed. Please use RENDERER.
JavaScript warning: https://static.licdn.com/sc/h/bv911c32qdqtvy406ldakstgo, line 16: WEBGL_debug_renderer_info is deprecated in Firefox and will be removed. Please use RENDERER.
JavaScript warning: https://static.licdn.com/sc/h/bv911c32qdqtvy406ldakstgo, line 16: WEBGL_debug_renderer_info is deprecated in Firefox and will be removed. Please use RENDERER.
console.warn: LoginRecipes: "Falling back to a synchronous message for: https://www.linkedin.com."
console.warn: LoginRecipes: "Falling back to a synchronous message for: https://www.linkedin.com."
JavaScript warning: https://static.licdn.com/aero-v1/sc/h/3i3xwuuxlymaqdmv1p4clzey9, line 22790: unreachable code after return statement
JavaScript warning: https://static.licdn.com/aero-v1/sc/h/7eb12emys1h9s6w2vb6oafk8e, line 2999: unreachable code after return statement
Missing chrome or resource URL: chrome://browser/skin/aboutSessionRestore-window-icon.png
Missing chrome or resource URL: chrome://browser/skin/abyss/img/waterfox-abyss-preview.svg
JavaScript warning: https://merchantpool1.linkedin.com/?session_id=7e3f4623-5746-4277-8805-f0a5bf0cd162&CustomerId=fb6bbd47-fa7c-4264-b4e9-b25948407586&PageId=&w=8DD8BB788DC40D6&mdt=1746437455133&rticks=1746437454789, line 5: WEBGL_debug_renderer_info is deprecated in Firefox and will be removed. Please use RENDERER.
JavaScript warning: https://static.licdn.com/aero-v1/sc/h/5sgpm9lcqn0f5lh639w1wb3k, line 4834: WEBGL_debug_renderer_info is deprecated in Firefox and will be removed. Please use RENDERER.
JavaScript warning: https://static.licdn.com/aero-v1/sc/h/5sgpm9lcqn0f5lh639w1wb3k, line 4830: WEBGL_debug_renderer_info is deprecated in Firefox and will be removed. Please use RENDERER.
JavaScript error: , line 0: TypeError: Error in input stream
JavaScript warning: https://client.protechts.net/PXdOjV695v/main.min.js, line 2: Script terminated by timeout at:
t/t<@https://client.protechts.net/PXdOjV695v/main.min.js:2:160
ui@https://client.protechts.net/PXdOjV695v/main.min.js:2:33154
hs@https://client.protechts.net/PXdOjV695v/main.min.js:2:49928
Ss@https://client.protechts.net/PXdOjV695v/main.min.js:2:52986
pi@https://client.protechts.net/PXdOjV695v/main.min.js:2:34557
yi@https://client.protechts.net/PXdOjV695v/main.min.js:2:34889

JavaScript warning: https://static.licdn.com/aero-v1/sc/h/3i3xwuuxlymaqdmv1p4clzey9, line 22790: unreachable code after return statement
JavaScript warning: https://static.licdn.com/aero-v1/sc/h/7eb12emys1h9s6w2vb6oafk8e, line 2999: unreachable code after return statement
JavaScript warning: https://client.protechts.net/PXdOjV695v/main.min.js, line 2: WEBGL_debug_renderer_info is deprecated in Firefox and will be removed. Please use RENDERER.
JavaScript warning: https://static.licdn.com/aero-v1/sc/h/5sgpm9lcqn0f5lh639w1wb3k, line 4834: WEBGL_debug_renderer_info is deprecated in Firefox and will be removed. Please use RENDERER.
JavaScript warning: https://static.licdn.com/aero-v1/sc/h/5sgpm9lcqn0f5lh639w1wb3k, line 4830: WEBGL_debug_renderer_info is deprecated in Firefox and will be removed. Please use RENDERER.
1746437467059	Marionette	INFO	Stopped listening on port 52024
JavaScript warning: https://static.licdn.com/aero-v1/sc/h/5sgpm9lcqn0f5lh639w1wb3k, line 9317: Script terminated by timeout at:
73265/Ht/</i.onsuccess@https://static.licdn.com/aero-v1/sc/h/5sgpm9lcqn0f5lh639w1wb3k:9317:105

1746437590688	geckodriver	INFO	Listening on 127.0.0.1:52093
1746437591203	mozrunner::runner	INFO	Running command: MOZ_CRASHREPORTER="1" MOZ_CRASHREPORTER_NO_REPORT="1" MOZ_CRASHREPORTER_SHUTDOWN="1" "/Applications/Firefox. ... s" "localhost" "-foreground" "-no-remote" "-profile" "/var/folders/5d/ftyzvn555vndp982cg169j380000gn/T/rust_mozprofilelbFnH0"
*** You are running in headless mode.
console.warn: services.settings: Ignoring preference override of remote settings server
console.warn: services.settings: Allow by setting MOZ_REMOTE_SETTINGS_DEVTOOLS=1 in the environment
1746437591624	Marionette	INFO	Marionette enabled
console.error: "Warning: unrecognized command line flag" "-remote-allow-hosts"
1746437592057	Marionette	INFO	Listening on port 52102
WebDriver BiDi listening on ws://127.0.0.1:52094
Read port: 52102
1746437592638	RemoteAgent	WARN	TLS certificate errors will be ignored for this session
[GFX1-]: RenderCompositorSWGL failed mapping default framebuffer, no dt
JavaScript error: https://static.licdn.com/sc/h/bv911c32qdqtvy406ldakstgo, line 18: TypeError: this.window.lazyloader is undefined
JavaScript warning: https://static.licdn.com/sc/h/aj4dyx1jstg91ffoizgyqt0xm, line 1: WEBGL_debug_renderer_info is deprecated in Firefox and will be removed. Please use RENDERER.
JavaScript warning: https://static.licdn.com/sc/h/aj4dyx1jstg91ffoizgyqt0xm, line 1: WEBGL_debug_renderer_info is deprecated in Firefox and will be removed. Please use RENDERER.
JavaScript warning: https://static.licdn.com/sc/h/adqhirffnjsw3nwge4cky8lfm, line 12: WEBGL_debug_renderer_info is deprecated in Firefox and will be removed. Please use RENDERER.
JavaScript warning: https://static.licdn.com/sc/h/adqhirffnjsw3nwge4cky8lfm, line 12: WEBGL_debug_renderer_info is deprecated in Firefox and will be removed. Please use RENDERER.
JavaScript warning: https://static.licdn.com/sc/h/bv911c32qdqtvy406ldakstgo, line 3: WEBGL_debug_renderer_info is deprecated in Firefox and will be removed. Please use RENDERER.
JavaScript warning: https://static.licdn.com/sc/h/bv911c32qdqtvy406ldakstgo, line 3: WEBGL_debug_renderer_info is deprecated in Firefox and will be removed. Please use RENDERER.
JavaScript warning: https://static.licdn.com/sc/h/bv911c32qdqtvy406ldakstgo, line 16: WEBGL_debug_renderer_info is deprecated in Firefox and will be removed. Please use RENDERER.
JavaScript warning: https://static.licdn.com/sc/h/bv911c32qdqtvy406ldakstgo, line 16: WEBGL_debug_renderer_info is deprecated in Firefox and will be removed. Please use RENDERER.
JavaScript warning: https://static.licdn.com/sc/h/5bjqr5n4429pfbcreibo91hwy, line 1: WEBGL_debug_renderer_info is deprecated in Firefox and will be removed. Please use RENDERER.
JavaScript warning: https://static.licdn.com/sc/h/5bjqr5n4429pfbcreibo91hwy, line 1: WEBGL_debug_renderer_info is deprecated in Firefox and will be removed. Please use RENDERER.
JavaScript warning: https://static.licdn.com/sc/h/bv911c32qdqtvy406ldakstgo, line 16: WEBGL_debug_renderer_info is deprecated in Firefox and will be removed. Please use RENDERER.
JavaScript warning: https://static.licdn.com/sc/h/bv911c32qdqtvy406ldakstgo, line 16: WEBGL_debug_renderer_info is deprecated in Firefox and will be removed. Please use RENDERER.
console.warn: LoginRecipes: "Falling back to a synchronous message for: https://www.linkedin.com."
console.warn: LoginRecipes: "Falling back to a synchronous message for: https://www.linkedin.com."
JavaScript warning: https://static.licdn.com/aero-v1/sc/h/3i3xwuuxlymaqdmv1p4clzey9, line 22790: unreachable code after return statement
JavaScript warning: https://static.licdn.com/aero-v1/sc/h/7eb12emys1h9s6w2vb6oafk8e, line 2999: unreachable code after return statement
JavaScript warning: https://merchantpool1.linkedin.com/?session_id=354d39c0-90cd-44a3-83f8-f9f7f13b062e&CustomerId=fb6bbd47-fa7c-4264-b4e9-b25948407586&PageId=&w=8DD8BB7E295F55F&mdt=1746437605330&rticks=1746437605323, line 5: WEBGL_debug_renderer_info is deprecated in Firefox and will be removed. Please use RENDERER.
JavaScript warning: https://static.licdn.com/aero-v1/sc/h/5sgpm9lcqn0f5lh639w1wb3k, line 4834: WEBGL_debug_renderer_info is deprecated in Firefox and will be removed. Please use RENDERER.
JavaScript warning: https://static.licdn.com/aero-v1/sc/h/5sgpm9lcqn0f5lh639w1wb3k, line 4830: WEBGL_debug_renderer_info is deprecated in Firefox and will be removed. Please use RENDERER.
JavaScript error: , line 0: TypeError: Error in input stream
JavaScript warning: https://static.licdn.com/aero-v1/sc/h/3i3xwuuxlymaqdmv1p4clzey9, line 22790: unreachable code after return statement
JavaScript warning: https://static.licdn.com/aero-v1/sc/h/7eb12emys1h9s6w2vb6oafk8e, line 2999: unreachable code after return statement
JavaScript warning: https://client.protechts.net/PXdOjV695v/main.min.js, line 2: WEBGL_debug_renderer_info is deprecated in Firefox and will be removed. Please use RENDERER.
JavaScript warning: https://static.licdn.com/aero-v1/sc/h/5sgpm9lcqn0f5lh639w1wb3k, line 4834: WEBGL_debug_renderer_info is deprecated in Firefox and will be removed. Please use RENDERER.
JavaScript warning: https://static.licdn.com/aero-v1/sc/h/5sgpm9lcqn0f5lh639w1wb3k, line 4830: WEBGL_debug_renderer_info is deprecated in Firefox and will be removed. Please use RENDERER.
1746437618517	Marionette	INFO	Stopped listening on port 52102
JavaScript warning: https://static.licdn.com/aero-v1/sc/h/5sgpm9lcqn0f5lh639w1wb3k, line 9327: Script terminated by timeout at:
73265/Ht/</i.onsuccess@https://static.licdn.com/aero-v1/sc/h/5sgpm9lcqn0f5lh639w1wb3k:9327:235

1746437714406	geckodriver	INFO	Listening on 127.0.0.1:52178
1746437714932	mozrunner::runner	INFO	Running command: MOZ_CRASHREPORTER="1" MOZ_CRASHREPORTER_NO_REPORT="1" MOZ_CRASHREPORTER_SHUTDOWN="1" "/Applications/Firefox. ... s" "localhost" "-foreground" "-no-remote" "-profile" "/var/folders/5d/ftyzvn555vndp982cg169j380000gn/T/rust_mozprofileoxHW0E"
*** You are running in headless mode.
console.warn: services.settings: Ignoring preference override of remote settings server
console.warn: services.settings: Allow by setting MOZ_REMOTE_SETTINGS_DEVTOOLS=1 in the environment
1746437715389	Marionette	INFO	Marionette enabled
console.error: "Warning: unrecognized command line flag" "-remote-allow-hosts"
1746437715918	Marionette	INFO	Listening on port 52187
WebDriver BiDi listening on ws://127.0.0.1:52179
Read port: 52187
1746437716405	RemoteAgent	WARN	TLS certificate errors will be ignored for this session
[GFX1-]: RenderCompositorSWGL failed mapping default framebuffer, no dt
JavaScript error: https://static.licdn.com/sc/h/bv911c32qdqtvy406ldakstgo, line 18: TypeError: this.window.lazyloader is undefined
JavaScript warning: https://static.licdn.com/sc/h/aj4dyx1jstg91ffoizgyqt0xm, line 1: WEBGL_debug_renderer_info is deprecated in Firefox and will be removed. Please use RENDERER.
JavaScript warning: https://static.licdn.com/sc/h/aj4dyx1jstg91ffoizgyqt0xm, line 1: WEBGL_debug_renderer_info is deprecated in Firefox and will be removed. Please use RENDERER.
JavaScript warning: https://static.licdn.com/sc/h/adqhirffnjsw3nwge4cky8lfm, line 12: WEBGL_debug_renderer_info is deprecated in Firefox and will be removed. Please use RENDERER.
JavaScript warning: https://static.licdn.com/sc/h/adqhirffnjsw3nwge4cky8lfm, line 12: WEBGL_debug_renderer_info is deprecated in Firefox and will be removed. Please use RENDERER.
JavaScript warning: https://static.licdn.com/sc/h/bv911c32qdqtvy406ldakstgo, line 3: WEBGL_debug_renderer_info is deprecated in Firefox and will be removed. Please use RENDERER.
JavaScript warning: https://static.licdn.com/sc/h/bv911c32qdqtvy406ldakstgo, line 3: WEBGL_debug_renderer_info is deprecated in Firefox and will be removed. Please use RENDERER.
JavaScript warning: https://static.licdn.com/sc/h/bv911c32qdqtvy406ldakstgo, line 16: WEBGL_debug_renderer_info is deprecated in Firefox and will be removed. Please use RENDERER.
JavaScript warning: https://static.licdn.com/sc/h/bv911c32qdqtvy406ldakstgo, line 16: WEBGL_debug_renderer_info is deprecated in Firefox and will be removed. Please use RENDERER.
JavaScript warning: https://static.licdn.com/sc/h/5bjqr5n4429pfbcreibo91hwy, line 1: WEBGL_debug_renderer_info is deprecated in Firefox and will be removed. Please use RENDERER.
JavaScript warning: https://static.licdn.com/sc/h/5bjqr5n4429pfbcreibo91hwy, line 1: WEBGL_debug_renderer_info is deprecated in Firefox and will be removed. Please use RENDERER.
JavaScript warning: https://static.licdn.com/sc/h/bv911c32qdqtvy406ldakstgo, line 16: WEBGL_debug_renderer_info is deprecated in Firefox and will be removed. Please use RENDERER.
JavaScript warning: https://static.licdn.com/sc/h/bv911c32qdqtvy406ldakstgo, line 16: WEBGL_debug_renderer_info is deprecated in Firefox and will be removed. Please use RENDERER.
console.warn: LoginRecipes: "Falling back to a synchronous message for: https://www.linkedin.com."
console.warn: LoginRecipes: "Falling back to a synchronous message for: https://www.linkedin.com."
JavaScript warning: https://static.licdn.com/aero-v1/sc/h/3i3xwuuxlymaqdmv1p4clzey9, line 22790: unreachable code after return statement
JavaScript warning: https://static.licdn.com/aero-v1/sc/h/7eb12emys1h9s6w2vb6oafk8e, line 2999: unreachable code after return statement
JavaScript warning: https://merchantpool1.linkedin.com/?session_id=872d2263-4aaf-4d9b-8c5d-5a3cd907a9c2&CustomerId=fb6bbd47-fa7c-4264-b4e9-b25948407586&PageId=&w=8DD8BB82BBCDA68&mdt=1746437728232&rticks=1746437728051, line 5: WEBGL_debug_renderer_info is deprecated in Firefox and will be removed. Please use RENDERER.
JavaScript warning: https://static.licdn.com/aero-v1/sc/h/5sgpm9lcqn0f5lh639w1wb3k, line 4834: WEBGL_debug_renderer_info is deprecated in Firefox and will be removed. Please use RENDERER.
JavaScript warning: https://static.licdn.com/aero-v1/sc/h/5sgpm9lcqn0f5lh639w1wb3k, line 4830: WEBGL_debug_renderer_info is deprecated in Firefox and will be removed. Please use RENDERER.
JavaScript warning: https://client.protechts.net/PXdOjV695v/main.min.js, line 2: WEBGL_debug_renderer_info is deprecated in Firefox and will be removed. Please use RENDERER.
JavaScript error: , line 0: TypeError: Error in input stream
JavaScript warning: https://client.protechts.net/PXdOjV695v/main.min.js, line 2: Script terminated by timeout at:
C@https://client.protechts.net/PXdOjV695v/main.min.js:2:1505
tf@https://client.protechts.net/PXdOjV695v/main.min.js:2:56199
yl@https://client.protechts.net/PXdOjV695v/main.min.js:2:76190
$p<@https://client.protechts.net/PXdOjV695v/main.min.js:2:155323
pg/<@https://client.protechts.net/PXdOjV695v/main.min.js:2:168106
pi@https://client.protechts.net/PXdOjV695v/main.min.js:2:34587
yi@https://client.protechts.net/PXdOjV695v/main.min.js:2:34889

JavaScript warning: https://static.licdn.com/aero-v1/sc/h/3i3xwuuxlymaqdmv1p4clzey9, line 22790: unreachable code after return statement
JavaScript warning: https://static.licdn.com/aero-v1/sc/h/7eb12emys1h9s6w2vb6oafk8e, line 2999: unreachable code after return statement
Missing chrome or resource URL: chrome://browser/skin/aboutSessionRestore-window-icon.png
Missing chrome or resource URL: chrome://browser/skin/abyss/img/waterfox-abyss-preview.svg
JavaScript warning: https://static.licdn.com/aero-v1/sc/h/5sgpm9lcqn0f5lh639w1wb3k, line 4834: WEBGL_debug_renderer_info is deprecated in Firefox and will be removed. Please use RENDERER.
JavaScript warning: https://static.licdn.com/aero-v1/sc/h/5sgpm9lcqn0f5lh639w1wb3k, line 4830: WEBGL_debug_renderer_info is deprecated in Firefox and will be removed. Please use RENDERER.
1746437741083	Marionette	INFO	Stopped listening on port 52187
1746437818918	geckodriver	INFO	Listening on 127.0.0.1:52246
1746437819430	mozrunner::runner	INFO	Running command: MOZ_CRASHREPORTER="1" MOZ_CRASHREPORTER_NO_REPORT="1" MOZ_CRASHREPORTER_SHUTDOWN="1" "/Applications/Firefox. ... s" "localhost" "-foreground" "-no-remote" "-profile" "/var/folders/5d/ftyzvn555vndp982cg169j380000gn/T/rust_mozprofileo8HD6d"
*** You are running in headless mode.
console.warn: services.settings: Ignoring preference override of remote settings server
console.warn: services.settings: Allow by setting MOZ_REMOTE_SETTINGS_DEVTOOLS=1 in the environment
1746437819847	Marionette	INFO	Marionette enabled
console.error: "Warning: unrecognized command line flag" "-remote-allow-hosts"
1746437820234	Marionette	INFO	Listening on port 52254
Read port: 52254
WebDriver BiDi listening on ws://127.0.0.1:52247
1746437820654	RemoteAgent	WARN	TLS certificate errors will be ignored for this session
[GFX1-]: RenderCompositorSWGL failed mapping default framebuffer, no dt
JavaScript error: https://static.licdn.com/sc/h/bv911c32qdqtvy406ldakstgo, line 18: TypeError: this.window.lazyloader is undefined
JavaScript warning: https://static.licdn.com/sc/h/aj4dyx1jstg91ffoizgyqt0xm, line 1: WEBGL_debug_renderer_info is deprecated in Firefox and will be removed. Please use RENDERER.
JavaScript warning: https://static.licdn.com/sc/h/aj4dyx1jstg91ffoizgyqt0xm, line 1: WEBGL_debug_renderer_info is deprecated in Firefox and will be removed. Please use RENDERER.
JavaScript warning: https://static.licdn.com/sc/h/adqhirffnjsw3nwge4cky8lfm, line 12: WEBGL_debug_renderer_info is deprecated in Firefox and will be removed. Please use RENDERER.
JavaScript warning: https://static.licdn.com/sc/h/adqhirffnjsw3nwge4cky8lfm, line 12: WEBGL_debug_renderer_info is deprecated in Firefox and will be removed. Please use RENDERER.
JavaScript warning: https://static.licdn.com/sc/h/bv911c32qdqtvy406ldakstgo, line 3: WEBGL_debug_renderer_info is deprecated in Firefox and will be removed. Please use RENDERER.
JavaScript warning: https://static.licdn.com/sc/h/bv911c32qdqtvy406ldakstgo, line 3: WEBGL_debug_renderer_info is deprecated in Firefox and will be removed. Please use RENDERER.
JavaScript warning: https://static.licdn.com/sc/h/bv911c32qdqtvy406ldakstgo, line 16: WEBGL_debug_renderer_info is deprecated in Firefox and will be removed. Please use RENDERER.
JavaScript warning: https://static.licdn.com/sc/h/bv911c32qdqtvy406ldakstgo, line 16: WEBGL_debug_renderer_info is deprecated in Firefox and will be removed. Please use RENDERER.
JavaScript warning: https://static.licdn.com/sc/h/5bjqr5n4429pfbcreibo91hwy, line 1: WEBGL_debug_renderer_info is deprecated in Firefox and will be removed. Please use RENDERER.
JavaScript warning: https://static.licdn.com/sc/h/5bjqr5n4429pfbcreibo91hwy, line 1: WEBGL_debug_renderer_info is deprecated in Firefox and will be removed. Please use RENDERER.
JavaScript warning: https://static.licdn.com/sc/h/bv911c32qdqtvy406ldakstgo, line 16: WEBGL_debug_renderer_info is deprecated in Firefox and will be removed. Please use RENDERER.
JavaScript warning: https://static.licdn.com/sc/h/bv911c32qdqtvy406ldakstgo, line 16: WEBGL_debug_renderer_info is deprecated in Firefox and will be removed. Please use RENDERER.
console.warn: LoginRecipes: "Falling back to a synchronous message for: https://www.linkedin.com."
console.warn: LoginRecipes: "Falling back to a synchronous message for: https://www.linkedin.com."
JavaScript warning: https://static.licdn.com/aero-v1/sc/h/3i3xwuuxlymaqdmv1p4clzey9, line 22790: unreachable code after return statement
JavaScript warning: https://static.licdn.com/aero-v1/sc/h/7eb12emys1h9s6w2vb6oafk8e, line 2999: unreachable code after return statement
JavaScript warning: https://merchantpool1.linkedin.com/?session_id=ae9736b9-186d-40c5-8f5b-fe55938abe30&CustomerId=fb6bbd47-fa7c-4264-b4e9-b25948407586&PageId=&w=8DD8BB869F2EA9F&mdt=1746437832922&rticks=1746437832424, line 5: WEBGL_debug_renderer_info is deprecated in Firefox and will be removed. Please use RENDERER.
JavaScript warning: https://static.licdn.com/aero-v1/sc/h/5sgpm9lcqn0f5lh639w1wb3k, line 4834: WEBGL_debug_renderer_info is deprecated in Firefox and will be removed. Please use RENDERER.
JavaScript warning: https://static.licdn.com/aero-v1/sc/h/5sgpm9lcqn0f5lh639w1wb3k, line 4830: WEBGL_debug_renderer_info is deprecated in Firefox and will be removed. Please use RENDERER.
JavaScript error: , line 0: TypeError: Error in input stream
JavaScript warning: https://client.protechts.net/PXdOjV695v/main.min.js, line 2: Script terminated by timeout at:
hs@https://client.protechts.net/PXdOjV695v/main.min.js:2:49899
Ss@https://client.protechts.net/PXdOjV695v/main.min.js:2:52986
pi@https://client.protechts.net/PXdOjV695v/main.min.js:2:34557
yi@https://client.protechts.net/PXdOjV695v/main.min.js:2:34889

JavaScript warning: https://static.licdn.com/aero-v1/sc/h/3i3xwuuxlymaqdmv1p4clzey9, line 22790: unreachable code after return statement
JavaScript warning: https://static.licdn.com/aero-v1/sc/h/7eb12emys1h9s6w2vb6oafk8e, line 2999: unreachable code after return statement
JavaScript warning: https://client.protechts.net/PXdOjV695v/main.min.js, line 2: WEBGL_debug_renderer_info is deprecated in Firefox and will be removed. Please use RENDERER.
1746437849070	Marionette	INFO	Stopped listening on port 52254
JavaScript warning: https://static.licdn.com/aero-v1/sc/h/5sgpm9lcqn0f5lh639w1wb3k, line 9327: Script terminated by timeout at:
73265/Ht/</i.onsuccess@https://static.licdn.com/aero-v1/sc/h/5sgpm9lcqn0f5lh639w1wb3k:9327:235

JavaScript warning: https://static.licdn.com/aero-v1/sc/h/5sgpm9lcqn0f5lh639w1wb3k, line 4834: WEBGL_debug_renderer_info is deprecated in Firefox and will be removed. Please use RENDERER.
JavaScript warning: https://static.licdn.com/aero-v1/sc/h/5sgpm9lcqn0f5lh639w1wb3k, line 4830: WEBGL_debug_renderer_info is deprecated in Firefox and will be removed. Please use RENDERER.
1746437851964	addons.xpi	ERROR	System addon update list error [Exception... "<no message>"  nsresult: "0x8046001e (<unknown>)"  location: "JS frame :: resource://gre/modules/ServiceRequest.sys.mjs :: open :: line 126"  data: no]
console.error: Region.sys.mjs: "Error fetching region" (new TypeError("NetworkError when attempting to fetch resource.", "resource://gre/modules/Region.sys.mjs", 734))
console.error: Region.sys.mjs: "Failed to fetch region" (new Error("NO_RESULT", "resource://gre/modules/Region.sys.mjs", 407))
1746438024310	geckodriver	INFO	Listening on 127.0.0.1:52325
1746438024829	mozrunner::runner	INFO	Running command: MOZ_CRASHREPORTER="1" MOZ_CRASHREPORTER_NO_REPORT="1" MOZ_CRASHREPORTER_SHUTDOWN="1" "/Applications/Firefox. ... s" "localhost" "-foreground" "-no-remote" "-profile" "/var/folders/5d/ftyzvn555vndp982cg169j380000gn/T/rust_mozprofileSKMOQv"
*** You are running in headless mode.
console.warn: services.settings: Ignoring preference override of remote settings server
console.warn: services.settings: Allow by setting MOZ_REMOTE_SETTINGS_DEVTOOLS=1 in the environment
1746438025461	Marionette	INFO	Marionette enabled
console.error: "Warning: unrecognized command line flag" "-remote-allow-hosts"
1746438025889	Marionette	INFO	Listening on port 52334
WebDriver BiDi listening on ws://127.0.0.1:52326
Read port: 52334
1746438026402	RemoteAgent	WARN	TLS certificate errors will be ignored for this session
[GFX1-]: RenderCompositorSWGL failed mapping default framebuffer, no dt
JavaScript error: https://static.licdn.com/sc/h/bv911c32qdqtvy406ldakstgo, line 18: TypeError: this.window.lazyloader is undefined
JavaScript warning: https://static.licdn.com/sc/h/aj4dyx1jstg91ffoizgyqt0xm, line 1: WEBGL_debug_renderer_info is deprecated in Firefox and will be removed. Please use RENDERER.
JavaScript warning: https://static.licdn.com/sc/h/aj4dyx1jstg91ffoizgyqt0xm, line 1: WEBGL_debug_renderer_info is deprecated in Firefox and will be removed. Please use RENDERER.
JavaScript warning: https://static.licdn.com/sc/h/adqhirffnjsw3nwge4cky8lfm, line 12: WEBGL_debug_renderer_info is deprecated in Firefox and will be removed. Please use RENDERER.
JavaScript warning: https://static.licdn.com/sc/h/adqhirffnjsw3nwge4cky8lfm, line 12: WEBGL_debug_renderer_info is deprecated in Firefox and will be removed. Please use RENDERER.
JavaScript warning: https://static.licdn.com/sc/h/bv911c32qdqtvy406ldakstgo, line 3: WEBGL_debug_renderer_info is deprecated in Firefox and will be removed. Please use RENDERER.
JavaScript warning: https://static.licdn.com/sc/h/bv911c32qdqtvy406ldakstgo, line 3: WEBGL_debug_renderer_info is deprecated in Firefox and will be removed. Please use RENDERER.
JavaScript warning: https://static.licdn.com/sc/h/bv911c32qdqtvy406ldakstgo, line 16: WEBGL_debug_renderer_info is deprecated in Firefox and will be removed. Please use RENDERER.
JavaScript warning: https://static.licdn.com/sc/h/bv911c32qdqtvy406ldakstgo, line 16: WEBGL_debug_renderer_info is deprecated in Firefox and will be removed. Please use RENDERER.
JavaScript warning: https://static.licdn.com/sc/h/5bjqr5n4429pfbcreibo91hwy, line 1: WEBGL_debug_renderer_info is deprecated in Firefox and will be removed. Please use RENDERER.
JavaScript warning: https://static.licdn.com/sc/h/5bjqr5n4429pfbcreibo91hwy, line 1: WEBGL_debug_renderer_info is deprecated in Firefox and will be removed. Please use RENDERER.
JavaScript warning: https://static.licdn.com/sc/h/bv911c32qdqtvy406ldakstgo, line 16: WEBGL_debug_renderer_info is deprecated in Firefox and will be removed. Please use RENDERER.
JavaScript warning: https://static.licdn.com/sc/h/bv911c32qdqtvy406ldakstgo, line 16: WEBGL_debug_renderer_info is deprecated in Firefox and will be removed. Please use RENDERER.
console.warn: LoginRecipes: "Falling back to a synchronous message for: https://www.linkedin.com."
console.warn: LoginRecipes: "Falling back to a synchronous message for: https://www.linkedin.com."
JavaScript warning: https://accounts.google.com/gsi/button?logo_alignment=center&shape=pill&size=large&text=continue_with&theme=undefined&type=undefined&width=302&client_id=990339570472-k6nqn1tpmitg8pui82bfaun3jrpmiuhs.apps.googleusercontent.com&iframe_id=gsi_31147_859145&as=lanS5HPPxjqCXTZ1KWR0Aw&hl=en_US, line 62: Script terminated by timeout at:
xb@/_/gsi/_/js/k=gsi.gsi.en_US.DyBCItcxswc.O/am=AAAic-kO/d=1/rs=AF0KOtVZOi3l7wmHyrB0f29o8W9jMADCDw/m=credential_button_library:62:318
_.Jb@/_/gsi/_/js/k=gsi.gsi.en_US.DyBCItcxswc.O/am=AAAic-kO/d=1/rs=AF0KOtVZOi3l7wmHyrB0f29o8W9jMADCDw/m=credential_button_library:68:51
Ai@/_/gsi/_/js/k=gsi.gsi.en_US.DyBCItcxswc.O/am=AAAic-kO/d=1/rs=AF0KOtVZOi3l7wmHyrB0f29o8W9jMADCDw/m=credential_button_library:213:251
Li@/_/gsi/_/js/k=gsi.gsi.en_US.DyBCItcxswc.O/am=AAAic-kO/d=1/rs=AF0KOtVZOi3l7wmHyrB0f29o8W9jMADCDw/m=credential_button_library:222:337
Ki@/_/gsi/_/js/k=gsi.gsi.en_US.DyBCItcxswc.O/am=AAAic-kO/d=1/rs=AF0KOtVZOi3l7wmHyrB0f29o8W9jMADCDw/m=credential_button_library:221:454
Fi@/_/gsi/_/js/k=gsi.gsi.en_US.DyBCItcxswc.O/am=AAAic-kO/d=1/rs=AF0KOtVZOi3l7wmHyrB0f29o8W9jMADCDw/m=credential_button_library:221:410
Gi/<@/_/gsi/_/js/k=gsi.gsi.en_US.DyBCItcxswc.O/am=AAAic-kO/d=1/rs=AF0KOtVZOi3l7wmHyrB0f29o8W9jMADCDw/m=credential_button_library:214:312

JavaScript warning: https://static.licdn.com/aero-v1/sc/h/3i3xwuuxlymaqdmv1p4clzey9, line 22790: unreachable code after return statement
JavaScript warning: https://static.licdn.com/aero-v1/sc/h/7eb12emys1h9s6w2vb6oafk8e, line 2999: unreachable code after return statement
Missing chrome or resource URL: chrome://browser/skin/aboutSessionRestore-window-icon.png
Missing chrome or resource URL: chrome://browser/skin/abyss/img/waterfox-abyss-preview.svg
JavaScript warning: https://merchantpool1.linkedin.com/?session_id=67b7125f-f670-4c73-8cc6-ea3aaf107438&CustomerId=fb6bbd47-fa7c-4264-b4e9-b25948407586&PageId=&w=8DD8BB8E63A09AE&mdt=1746438040951&rticks=1746438040928, line 5: WEBGL_debug_renderer_info is deprecated in Firefox and will be removed. Please use RENDERER.
JavaScript warning: https://static.licdn.com/aero-v1/sc/h/5sgpm9lcqn0f5lh639w1wb3k, line 4834: WEBGL_debug_renderer_info is deprecated in Firefox and will be removed. Please use RENDERER.
JavaScript warning: https://static.licdn.com/aero-v1/sc/h/5sgpm9lcqn0f5lh639w1wb3k, line 4830: WEBGL_debug_renderer_info is deprecated in Firefox and will be removed. Please use RENDERER.
JavaScript error: , line 0: TypeError: Error in input stream
JavaScript warning: https://client.protechts.net/PXdOjV695v/main.min.js, line 2: Script terminated by timeout at:
Um/n["egIMQDxsC3E="]<@https://client.protechts.net/PXdOjV695v/main.min.js:2:161802
Um/<@https://client.protechts.net/PXdOjV695v/main.min.js:2:161803
Um@https://client.protechts.net/PXdOjV695v/main.min.js:2:162036
Pm/<@https://client.protechts.net/PXdOjV695v/main.min.js:2:162079
pi@https://client.protechts.net/PXdOjV695v/main.min.js:2:34557
yi@https://client.protechts.net/PXdOjV695v/main.min.js:2:34889

JavaScript warning: https://static.licdn.com/aero-v1/sc/h/3i3xwuuxlymaqdmv1p4clzey9, line 22790: unreachable code after return statement
JavaScript warning: https://static.licdn.com/aero-v1/sc/h/7eb12emys1h9s6w2vb6oafk8e, line 2999: unreachable code after return statement
JavaScript warning: https://client.protechts.net/PXdOjV695v/main.min.js, line 2: WEBGL_debug_renderer_info is deprecated in Firefox and will be removed. Please use RENDERER.
JavaScript warning: https://static.licdn.com/aero-v1/sc/h/5sgpm9lcqn0f5lh639w1wb3k, line 4834: WEBGL_debug_renderer_info is deprecated in Firefox and will be removed. Please use RENDERER.
JavaScript warning: https://static.licdn.com/aero-v1/sc/h/5sgpm9lcqn0f5lh639w1wb3k, line 4830: WEBGL_debug_renderer_info is deprecated in Firefox and will be removed. Please use RENDERER.
1746438054179	Marionette	INFO	Stopped listening on port 52334
JavaScript warning: https://static.licdn.com/aero-v1/sc/h/5sgpm9lcqn0f5lh639w1wb3k, line 9322: Script terminated by timeout at:
73265/Ht/</i.onsuccess/d.onsuccess@https://static.licdn.com/aero-v1/sc/h/5sgpm9lcqn0f5lh639w1wb3k:9322:65

1746438340648	geckodriver	INFO	Listening on 127.0.0.1:52423
1746438340657	mozrunner::runner	INFO	Running command: MOZ_CRASHREPORTER="1" MOZ_CRASHREPORTER_NO_REPORT="1" MOZ_CRASHREPORTER_SHUTDOWN="1" "/Applications/Firefox. ... s" "localhost" "-foreground" "-no-remote" "-profile" "/var/folders/5d/ftyzvn555vndp982cg169j380000gn/T/rust_mozprofileOXFzHK"
*** You are running in headless mode.
console.warn: services.settings: Ignoring preference override of remote settings server
console.warn: services.settings: Allow by setting MOZ_REMOTE_SETTINGS_DEVTOOLS=1 in the environment
1746438341126	Marionette	INFO	Marionette enabled
console.error: "Warning: unrecognized command line flag" "-remote-allow-hosts"
1746438341520	Marionette	INFO	Listening on port 52430
WebDriver BiDi listening on ws://127.0.0.1:52424
Read port: 52430
1746438342038	RemoteAgent	WARN	TLS certificate errors will be ignored for this session
[GFX1-]: RenderCompositorSWGL failed mapping default framebuffer, no dt
JavaScript warning: https://static.licdn.com/sc/h/aj4dyx1jstg91ffoizgyqt0xm, line 1: WEBGL_debug_renderer_info is deprecated in Firefox and will be removed. Please use RENDERER.
JavaScript warning: https://static.licdn.com/sc/h/aj4dyx1jstg91ffoizgyqt0xm, line 1: WEBGL_debug_renderer_info is deprecated in Firefox and will be removed. Please use RENDERER.
JavaScript warning: https://static.licdn.com/sc/h/adqhirffnjsw3nwge4cky8lfm, line 12: WEBGL_debug_renderer_info is deprecated in Firefox and will be removed. Please use RENDERER.
JavaScript warning: https://static.licdn.com/sc/h/adqhirffnjsw3nwge4cky8lfm, line 12: WEBGL_debug_renderer_info is deprecated in Firefox and will be removed. Please use RENDERER.
JavaScript warning: https://static.licdn.com/sc/h/bv911c32qdqtvy406ldakstgo, line 3: WEBGL_debug_renderer_info is deprecated in Firefox and will be removed. Please use RENDERER.
JavaScript warning: https://static.licdn.com/sc/h/bv911c32qdqtvy406ldakstgo, line 3: WEBGL_debug_renderer_info is deprecated in Firefox and will be removed. Please use RENDERER.
JavaScript warning: https://static.licdn.com/sc/h/bv911c32qdqtvy406ldakstgo, line 16: WEBGL_debug_renderer_info is deprecated in Firefox and will be removed. Please use RENDERER.
JavaScript warning: https://static.licdn.com/sc/h/bv911c32qdqtvy406ldakstgo, line 16: WEBGL_debug_renderer_info is deprecated in Firefox and will be removed. Please use RENDERER.
JavaScript warning: https://static.licdn.com/sc/h/5bjqr5n4429pfbcreibo91hwy, line 1: WEBGL_debug_renderer_info is deprecated in Firefox and will be removed. Please use RENDERER.
JavaScript warning: https://static.licdn.com/sc/h/5bjqr5n4429pfbcreibo91hwy, line 1: WEBGL_debug_renderer_info is deprecated in Firefox and will be removed. Please use RENDERER.
JavaScript warning: https://static.licdn.com/sc/h/bv911c32qdqtvy406ldakstgo, line 16: WEBGL_debug_renderer_info is deprecated in Firefox and will be removed. Please use RENDERER.
JavaScript warning: https://static.licdn.com/sc/h/bv911c32qdqtvy406ldakstgo, line 16: WEBGL_debug_renderer_info is deprecated in Firefox and will be removed. Please use RENDERER.
Missing chrome or resource URL: chrome://browser/skin/aboutSessionRestore-window-icon.png
Missing chrome or resource URL: chrome://browser/skin/abyss/img/waterfox-abyss-preview.svg
console.warn: LoginRecipes: "Falling back to a synchronous message for: https://www.linkedin.com."
console.warn: LoginRecipes: "Falling back to a synchronous message for: https://www.linkedin.com."
JavaScript warning: https://client.protechts.net/PXdOjV695v/main.min.js, line 2: Script terminated by timeout at:
mt@https://client.protechts.net/PXdOjV695v/main.min.js:2:7779
yl@https://client.protechts.net/PXdOjV695v/main.min.js:2:76140
$p<@https://client.protechts.net/PXdOjV695v/main.min.js:2:155323
pg/<@https://client.protechts.net/PXdOjV695v/main.min.js:2:168106
pi@https://client.protechts.net/PXdOjV695v/main.min.js:2:34587
yi@https://client.protechts.net/PXdOjV695v/main.min.js:2:34889

JavaScript warning: https://static.licdn.com/aero-v1/sc/h/3i3xwuuxlymaqdmv1p4clzey9, line 22790: unreachable code after return statement
JavaScript warning: https://static.licdn.com/aero-v1/sc/h/7eb12emys1h9s6w2vb6oafk8e, line 2999: unreachable code after return statement
JavaScript warning: https://merchantpool1.linkedin.com/?session_id=8e0a9471-71d3-4aa7-8727-de7572ac5854&CustomerId=fb6bbd47-fa7c-4264-b4e9-b25948407586&PageId=&w=8DD8BB9A104A272&mdt=1746438354458&rticks=1746438354312, line 5: WEBGL_debug_renderer_info is deprecated in Firefox and will be removed. Please use RENDERER.
JavaScript warning: https://static.licdn.com/aero-v1/sc/h/5sgpm9lcqn0f5lh639w1wb3k, line 4834: WEBGL_debug_renderer_info is deprecated in Firefox and will be removed. Please use RENDERER.
JavaScript warning: https://static.licdn.com/aero-v1/sc/h/5sgpm9lcqn0f5lh639w1wb3k, line 4830: WEBGL_debug_renderer_info is deprecated in Firefox and will be removed. Please use RENDERER.
JavaScript warning: https://client.protechts.net/PXdOjV695v/main.min.js, line 2: WEBGL_debug_renderer_info is deprecated in Firefox and will be removed. Please use RENDERER.
JavaScript error: , line 0: TypeError: Error in input stream
JavaScript warning: https://client.protechts.net/PXdOjV695v/main.min.js, line 2: Script terminated by timeout at:
hs@https://client.protechts.net/PXdOjV695v/main.min.js:2:49899
Ss@https://client.protechts.net/PXdOjV695v/main.min.js:2:52986
pi@https://client.protechts.net/PXdOjV695v/main.min.js:2:34557
yi@https://client.protechts.net/PXdOjV695v/main.min.js:2:34889

JavaScript warning: https://static.licdn.com/aero-v1/sc/h/3i3xwuuxlymaqdmv1p4clzey9, line 22790: unreachable code after return statement
JavaScript warning: https://static.licdn.com/aero-v1/sc/h/7eb12emys1h9s6w2vb6oafk8e, line 2999: unreachable code after return statement
JavaScript warning: https://static.licdn.com/aero-v1/sc/h/5sgpm9lcqn0f5lh639w1wb3k, line 4834: WEBGL_debug_renderer_info is deprecated in Firefox and will be removed. Please use RENDERER.
JavaScript warning: https://static.licdn.com/aero-v1/sc/h/5sgpm9lcqn0f5lh639w1wb3k, line 4830: WEBGL_debug_renderer_info is deprecated in Firefox and will be removed. Please use RENDERER.
1746438367344	Marionette	INFO	Stopped listening on port 52430
